<?xml version="1.0" encoding="UTF-8"?>
<testng-results ignored="0" total="1" passed="1" failed="0" skipped="0">
  <reporter-output>
  </reporter-output>
  <suite started-at="2023-04-22T22:29:58 CEST" name="Surefire suite" finished-at="2023-04-22T22:29:58 CEST" duration-ms="241">
    <groups>
    </groups>
    <test started-at="2023-04-22T22:29:58 CEST" name="Surefire test" finished-at="2023-04-22T22:29:58 CEST" duration-ms="241">
      <class name="bdd.MyAPIFramework.AppTest">
        <test-method signature="shouldAnswerWithTrue()" started-at="2023-04-22T22:29:58 CEST" name="shouldAnswerWithTrue" finished-at="2023-04-22T22:29:58 CEST" duration-ms="49" status="PASS">
          <reporter-output>
          </reporter-output>
        </test-method> <!-- shouldAnswerWithTrue -->
      </class> <!-- bdd.MyAPIFramework.AppTest -->
    </test> <!-- Surefire test -->
  </suite> <!-- Surefire suite -->
</testng-results>
